<?xml version="1.0" encoding="UTF-8"?>
<!-- Generated by org.testng.reporters.JUnitXMLReporter -->
<testsuite ignored="0" hostname="DESKTOP-FPBC10A" failures="0" tests="5" name="Default test" time="81.856" errors="0" timestamp="2022-09-22T18:17:22 IST">
  <testcase classname="hotelProject.AdactinHotelProject1.RunnerClass" name="loginEnter" time="1.912"/>
  <testcase classname="hotelProject.AdactinHotelProject1.RunnerClass" name="researchHotel" time="1.979"/>
  <testcase classname="hotelProject.AdactinHotelProject1.RunnerClass" name="clickSearchHotel" time="0.996"/>
  <testcase classname="hotelProject.AdactinHotelProject1.RunnerClass" name="bookNowHotel" time="1.329"/>
  <testcase classname="hotelProject.AdactinHotelProject1.RunnerClass" name="clickBookingConfirm" time="27.374"/>
</testsuite> <!-- Default test -->
